{"/home/juan/Desktop/10 semestre/Electiva II/X-CLONE-/Posts/Controllers/PostsController.js": {"path":"/home/juan/Desktop/10 semestre/Electiva II/X-CLONE-/Posts/Controllers/PostsController.js","statementMap":{"0":{"start":{"line":6,"column":2},"end":{"line":21,"column":3}},"1":{"start":{"line":7,"column":24},"end":{"line":7,"column":63}},"2":{"start":{"line":9,"column":4},"end":{"line":12,"column":7}},"3":{"start":{"line":14,"column":4},"end":{"line":14,"column":23}},"4":{"start":{"line":16,"column":4},"end":{"line":20,"column":7}},"5":{"start":{"line":25,"column":2},"end":{"line":53,"column":3}},"6":{"start":{"line":26,"column":19},"end":{"line":26,"column":40}},"7":{"start":{"line":28,"column":4},"end":{"line":34,"column":5}},"8":{"start":{"line":29,"column":6},"end":{"line":33,"column":9}},"9":{"start":{"line":36,"column":19},"end":{"line":36,"column":29}},"10":{"start":{"line":37,"column":17},"end":{"line":37,"column":52}},"11":{"start":{"line":39,"column":4},"end":{"line":41,"column":5}},"12":{"start":{"line":40,"column":6},"end":{"line":40,"column":76}},"13":{"start":{"line":43,"column":4},"end":{"line":46,"column":7}},"14":{"start":{"line":48,"column":4},"end":{"line":52,"column":7}},"15":{"start":{"line":57,"column":2},"end":{"line":88,"column":3}},"16":{"start":{"line":58,"column":19},"end":{"line":58,"column":40}},"17":{"start":{"line":60,"column":4},"end":{"line":66,"column":5}},"18":{"start":{"line":61,"column":6},"end":{"line":65,"column":9}},"19":{"start":{"line":68,"column":67},"end":{"line":68,"column":75}},"20":{"start":{"line":69,"column":20},"end":{"line":75,"column":6}},"21":{"start":{"line":77,"column":4},"end":{"line":77,"column":25}},"22":{"start":{"line":78,"column":4},"end":{"line":81,"column":7}},"23":{"start":{"line":83,"column":4},"end":{"line":87,"column":7}},"24":{"start":{"line":92,"column":2},"end":{"line":128,"column":3}},"25":{"start":{"line":93,"column":19},"end":{"line":93,"column":40}},"26":{"start":{"line":95,"column":4},"end":{"line":101,"column":5}},"27":{"start":{"line":96,"column":6},"end":{"line":100,"column":9}},"28":{"start":{"line":103,"column":19},"end":{"line":103,"column":29}},"29":{"start":{"line":104,"column":24},"end":{"line":104,"column":32}},"30":{"start":{"line":106,"column":24},"end":{"line":112,"column":12}},"31":{"start":{"line":114,"column":4},"end":{"line":116,"column":5}},"32":{"start":{"line":115,"column":6},"end":{"line":115,"column":77}},"33":{"start":{"line":118,"column":4},"end":{"line":121,"column":7}},"34":{"start":{"line":123,"column":4},"end":{"line":127,"column":7}},"35":{"start":{"line":132,"column":2},"end":{"line":164,"column":3}},"36":{"start":{"line":133,"column":19},"end":{"line":133,"column":40}},"37":{"start":{"line":135,"column":4},"end":{"line":141,"column":5}},"38":{"start":{"line":136,"column":6},"end":{"line":140,"column":9}},"39":{"start":{"line":143,"column":19},"end":{"line":143,"column":29}},"40":{"start":{"line":145,"column":24},"end":{"line":148,"column":12}},"41":{"start":{"line":150,"column":4},"end":{"line":152,"column":5}},"42":{"start":{"line":151,"column":6},"end":{"line":151,"column":76}},"43":{"start":{"line":154,"column":4},"end":{"line":157,"column":7}},"44":{"start":{"line":159,"column":4},"end":{"line":163,"column":7}},"45":{"start":{"line":168,"column":2},"end":{"line":200,"column":3}},"46":{"start":{"line":169,"column":19},"end":{"line":169,"column":40}},"47":{"start":{"line":171,"column":4},"end":{"line":177,"column":5}},"48":{"start":{"line":172,"column":6},"end":{"line":176,"column":9}},"49":{"start":{"line":179,"column":19},"end":{"line":179,"column":29}},"50":{"start":{"line":181,"column":24},"end":{"line":184,"column":12}},"51":{"start":{"line":186,"column":4},"end":{"line":188,"column":5}},"52":{"start":{"line":187,"column":6},"end":{"line":187,"column":76}},"53":{"start":{"line":190,"column":4},"end":{"line":193,"column":7}},"54":{"start":{"line":195,"column":4},"end":{"line":199,"column":7}}},"fnMap":{"0":{"name":"getAllPosts","decl":{"start":{"line":5,"column":22},"end":{"line":5,"column":33}},"loc":{"start":{"line":5,"column":44},"end":{"line":22,"column":1}},"line":5},"1":{"name":"getPostById","decl":{"start":{"line":24,"column":22},"end":{"line":24,"column":33}},"loc":{"start":{"line":24,"column":44},"end":{"line":54,"column":1}},"line":24},"2":{"name":"createPost","decl":{"start":{"line":56,"column":22},"end":{"line":56,"column":32}},"loc":{"start":{"line":56,"column":43},"end":{"line":89,"column":1}},"line":56},"3":{"name":"updatePostContent","decl":{"start":{"line":91,"column":22},"end":{"line":91,"column":39}},"loc":{"start":{"line":91,"column":50},"end":{"line":129,"column":1}},"line":91},"4":{"name":"deletePostById","decl":{"start":{"line":131,"column":22},"end":{"line":131,"column":36}},"loc":{"start":{"line":131,"column":47},"end":{"line":165,"column":1}},"line":131},"5":{"name":"restorePostById","decl":{"start":{"line":167,"column":22},"end":{"line":167,"column":37}},"loc":{"start":{"line":167,"column":48},"end":{"line":201,"column":1}},"line":167}},"branchMap":{"0":{"loc":{"start":{"line":28,"column":4},"end":{"line":34,"column":5}},"type":"if","locations":[{"start":{"line":28,"column":4},"end":{"line":34,"column":5}},{"start":{},"end":{}}],"line":28},"1":{"loc":{"start":{"line":39,"column":4},"end":{"line":41,"column":5}},"type":"if","locations":[{"start":{"line":39,"column":4},"end":{"line":41,"column":5}},{"start":{},"end":{}}],"line":39},"2":{"loc":{"start":{"line":39,"column":8},"end":{"line":39,"column":34}},"type":"binary-expr","locations":[{"start":{"line":39,"column":8},"end":{"line":39,"column":13}},{"start":{"line":39,"column":17},"end":{"line":39,"column":34}}],"line":39},"3":{"loc":{"start":{"line":60,"column":4},"end":{"line":66,"column":5}},"type":"if","locations":[{"start":{"line":60,"column":4},"end":{"line":66,"column":5}},{"start":{},"end":{}}],"line":60},"4":{"loc":{"start":{"line":95,"column":4},"end":{"line":101,"column":5}},"type":"if","locations":[{"start":{"line":95,"column":4},"end":{"line":101,"column":5}},{"start":{},"end":{}}],"line":95},"5":{"loc":{"start":{"line":114,"column":4},"end":{"line":116,"column":5}},"type":"if","locations":[{"start":{"line":114,"column":4},"end":{"line":116,"column":5}},{"start":{},"end":{}}],"line":114},"6":{"loc":{"start":{"line":135,"column":4},"end":{"line":141,"column":5}},"type":"if","locations":[{"start":{"line":135,"column":4},"end":{"line":141,"column":5}},{"start":{},"end":{}}],"line":135},"7":{"loc":{"start":{"line":150,"column":4},"end":{"line":152,"column":5}},"type":"if","locations":[{"start":{"line":150,"column":4},"end":{"line":152,"column":5}},{"start":{},"end":{}}],"line":150},"8":{"loc":{"start":{"line":171,"column":4},"end":{"line":177,"column":5}},"type":"if","locations":[{"start":{"line":171,"column":4},"end":{"line":177,"column":5}},{"start":{},"end":{}}],"line":171},"9":{"loc":{"start":{"line":186,"column":4},"end":{"line":188,"column":5}},"type":"if","locations":[{"start":{"line":186,"column":4},"end":{"line":188,"column":5}},{"start":{},"end":{}}],"line":186}},"s":{"0":1,"1":1,"2":1,"3":0,"4":0,"5":0,"6":0,"7":0,"8":0,"9":0,"10":0,"11":0,"12":0,"13":0,"14":0,"15":0,"16":0,"17":0,"18":0,"19":0,"20":0,"21":0,"22":0,"23":0,"24":0,"25":0,"26":0,"27":0,"28":0,"29":0,"30":0,"31":0,"32":0,"33":0,"34":0,"35":0,"36":0,"37":0,"38":0,"39":0,"40":0,"41":0,"42":0,"43":0,"44":0,"45":0,"46":0,"47":0,"48":0,"49":0,"50":0,"51":0,"52":0,"53":0,"54":0},"f":{"0":1,"1":0,"2":0,"3":0,"4":0,"5":0},"b":{"0":[0,0],"1":[0,0],"2":[0,0],"3":[0,0],"4":[0,0],"5":[0,0],"6":[0,0],"7":[0,0],"8":[0,0],"9":[0,0]},"inputSourceMap":null,"_coverageSchema":"1a1c01bbd47fc00a2c39e90264f33305004495a9","hash":"85541f11d798396dd9aba83d3adf1e08c4cb5528"}
,"/home/juan/Desktop/10 semestre/Electiva II/X-CLONE-/Posts/Controllers/index.js": {"path":"/home/juan/Desktop/10 semestre/Electiva II/X-CLONE-/Posts/Controllers/index.js","statementMap":{},"fnMap":{},"branchMap":{},"s":{},"f":{},"b":{},"inputSourceMap":null,"_coverageSchema":"1a1c01bbd47fc00a2c39e90264f33305004495a9","hash":"17c7b0e2b7b4f416bcd1a2b83a23654d7caf3a21"}
,"/home/juan/Desktop/10 semestre/Electiva II/X-CLONE-/Posts/Models/PostModel.js": {"path":"/home/juan/Desktop/10 semestre/Electiva II/X-CLONE-/Posts/Models/PostModel.js","statementMap":{"0":{"start":{"line":4,"column":19},"end":{"line":22,"column":2}},"1":{"start":{"line":24,"column":25},"end":{"line":24,"column":59}}},"fnMap":{},"branchMap":{},"s":{"0":1,"1":1},"f":{},"b":{},"inputSourceMap":null,"_coverageSchema":"1a1c01bbd47fc00a2c39e90264f33305004495a9","hash":"669e443db4c663e90d741db45ce396f6ff0f77c2"}
,"/home/juan/Desktop/10 semestre/Electiva II/X-CLONE-/Posts/Models/index.js": {"path":"/home/juan/Desktop/10 semestre/Electiva II/X-CLONE-/Posts/Models/index.js","statementMap":{},"fnMap":{},"branchMap":{},"s":{},"f":{},"b":{},"inputSourceMap":null,"_coverageSchema":"1a1c01bbd47fc00a2c39e90264f33305004495a9","hash":"d25125b14348de4377e667100cc2ec6314088cbc"}
,"/home/juan/Desktop/10 semestre/Electiva II/X-CLONE-/Utils/Functions/Functions.js": {"path":"/home/juan/Desktop/10 semestre/Electiva II/X-CLONE-/Utils/Functions/Functions.js","statementMap":{"0":{"start":{"line":2,"column":22},"end":{"line":2,"column":32}},"1":{"start":{"line":4,"column":14},"end":{"line":4,"column":63}},"2":{"start":{"line":5,"column":15},"end":{"line":5,"column":71}},"3":{"start":{"line":6,"column":15},"end":{"line":6,"column":40}},"4":{"start":{"line":7,"column":16},"end":{"line":7,"column":66}},"5":{"start":{"line":8,"column":18},"end":{"line":8,"column":70}},"6":{"start":{"line":9,"column":18},"end":{"line":9,"column":70}},"7":{"start":{"line":11,"column":25},"end":{"line":11,"column":80}},"8":{"start":{"line":13,"column":2},"end":{"line":13,"column":24}}},"fnMap":{"0":{"name":"getParsedCurrentDateTime","decl":{"start":{"line":1,"column":16},"end":{"line":1,"column":40}},"loc":{"start":{"line":1,"column":43},"end":{"line":14,"column":1}},"line":1}},"branchMap":{},"s":{"0":2,"1":2,"2":2,"3":2,"4":2,"5":2,"6":2,"7":2,"8":2},"f":{"0":2},"b":{},"inputSourceMap":null,"_coverageSchema":"1a1c01bbd47fc00a2c39e90264f33305004495a9","hash":"c167b63036e73464a54434e935b30012b242b031"}
,"/home/juan/Desktop/10 semestre/Electiva II/X-CLONE-/Utils/Functions/index.js": {"path":"/home/juan/Desktop/10 semestre/Electiva II/X-CLONE-/Utils/Functions/index.js","statementMap":{},"fnMap":{},"branchMap":{},"s":{},"f":{},"b":{},"inputSourceMap":null,"_coverageSchema":"1a1c01bbd47fc00a2c39e90264f33305004495a9","hash":"82b1512f87fab006a7a702145d4c35cd617e173a"}
}
