TN:
SF:Posts/Controllers/PostsController.js
FN:5,getAllPosts
FN:24,getPostById
FN:56,createPost
FN:91,updatePostContent
FN:131,deletePostById
FN:167,restorePostById
FNF:6
FNH:1
FNDA:1,getAllPosts
FNDA:0,getPostById
FNDA:0,createPost
FNDA:0,updatePostContent
FNDA:0,deletePostById
FNDA:0,restorePostById
DA:6,1
DA:7,1
DA:9,1
DA:14,0
DA:16,0
DA:25,0
DA:26,0
DA:28,0
DA:29,0
DA:36,0
DA:37,0
DA:39,0
DA:40,0
DA:43,0
DA:48,0
DA:57,0
DA:58,0
DA:60,0
DA:61,0
DA:68,0
DA:69,0
DA:77,0
DA:78,0
DA:83,0
DA:92,0
DA:93,0
DA:95,0
DA:96,0
DA:103,0
DA:104,0
DA:106,0
DA:114,0
DA:115,0
DA:118,0
DA:123,0
DA:132,0
DA:133,0
DA:135,0
DA:136,0
DA:143,0
DA:145,0
DA:150,0
DA:151,0
DA:154,0
DA:159,0
DA:168,0
DA:169,0
DA:171,0
DA:172,0
DA:179,0
DA:181,0
DA:186,0
DA:187,0
DA:190,0
DA:195,0
LF:55
LH:3
BRDA:28,0,0,0
BRDA:28,0,1,0
BRDA:39,1,0,0
BRDA:39,1,1,0
BRDA:39,2,0,0
BRDA:39,2,1,0
BRDA:60,3,0,0
BRDA:60,3,1,0
BRDA:95,4,0,0
BRDA:95,4,1,0
BRDA:114,5,0,0
BRDA:114,5,1,0
BRDA:135,6,0,0
BRDA:135,6,1,0
BRDA:150,7,0,0
BRDA:150,7,1,0
BRDA:171,8,0,0
BRDA:171,8,1,0
BRDA:186,9,0,0
BRDA:186,9,1,0
BRF:20
BRH:0
end_of_record
TN:
SF:Posts/Controllers/index.js
FNF:0
FNH:0
LF:0
LH:0
BRF:0
BRH:0
end_of_record
TN:
SF:Posts/Models/PostModel.js
FNF:0
FNH:0
DA:4,1
DA:24,1
LF:2
LH:2
BRF:0
BRH:0
end_of_record
TN:
SF:Posts/Models/index.js
FNF:0
FNH:0
LF:0
LH:0
BRF:0
BRH:0
end_of_record
TN:
SF:Utils/Functions/Functions.js
FN:1,getParsedCurrentDateTime
FNF:1
FNH:1
FNDA:2,getParsedCurrentDateTime
DA:2,2
DA:4,2
DA:5,2
DA:6,2
DA:7,2
DA:8,2
DA:9,2
DA:11,2
DA:13,2
LF:9
LH:9
BRF:0
BRH:0
end_of_record
TN:
SF:Utils/Functions/index.js
FNF:0
FNH:0
LF:0
LH:0
BRF:0
BRH:0
end_of_record
